0 info it worked if it ends with ok
1 verbose cli [ '/usr/local/Cellar/node/6.2.0/bin/node',
1 verbose cli   '/Users/khabaroff/.npm-packages/bin/npm',
1 verbose cli   'install',
1 verbose cli   'gulp' ]
2 info using npm@3.8.5
3 info using node@v6.2.0
4 verbose config Skipping project config: /Users/khabaroff/.npmrc. (matches userconfig)
5 silly loadCurrentTree Starting
6 silly install loadCurrentTree
7 silly install readLocalPackageData
8 silly fetchPackageMetaData gulp
9 silly fetchNamedPackageData gulp
10 silly mapToRegistry name gulp
11 silly mapToRegistry using default registry
12 silly mapToRegistry registry https://registry.npmjs.org/
13 silly mapToRegistry data Result {
13 silly mapToRegistry   raw: 'gulp',
13 silly mapToRegistry   scope: null,
13 silly mapToRegistry   name: 'gulp',
13 silly mapToRegistry   rawSpec: '',
13 silly mapToRegistry   spec: 'latest',
13 silly mapToRegistry   type: 'tag' }
14 silly mapToRegistry uri https://registry.npmjs.org/gulp
15 verbose request uri https://registry.npmjs.org/gulp
16 verbose request no auth needed
17 info attempt registry request try #1 at 10:56:50 PM
18 verbose request id aa37a1cc6a834ff9
19 verbose etag "CPGSAARIGPFSYC1IL182CREN9"
20 http request GET https://registry.npmjs.org/gulp
21 http 304 https://registry.npmjs.org/gulp
22 verbose headers { date: 'Sat, 21 May 2016 19:56:50 GMT',
22 verbose headers   via: '1.1 varnish',
22 verbose headers   'cache-control': 'max-age=300',
22 verbose headers   etag: '"CPGSAARIGPFSYC1IL182CREN9"',
22 verbose headers   age: '26',
22 verbose headers   connection: 'keep-alive',
22 verbose headers   'x-served-by': 'cache-fra1235-FRA',
22 verbose headers   'x-cache': 'HIT',
22 verbose headers   'x-cache-hits': '1',
22 verbose headers   'x-timer': 'S1463860610.884260,VS0,VE0',
22 verbose headers   vary: 'Accept-Encoding' }
23 silly get cb [ 304,
23 silly get   { date: 'Sat, 21 May 2016 19:56:50 GMT',
23 silly get     via: '1.1 varnish',
23 silly get     'cache-control': 'max-age=300',
23 silly get     etag: '"CPGSAARIGPFSYC1IL182CREN9"',
23 silly get     age: '26',
23 silly get     connection: 'keep-alive',
23 silly get     'x-served-by': 'cache-fra1235-FRA',
23 silly get     'x-cache': 'HIT',
23 silly get     'x-cache-hits': '1',
23 silly get     'x-timer': 'S1463860610.884260,VS0,VE0',
23 silly get     vary: 'Accept-Encoding' } ]
24 verbose etag https://registry.npmjs.org/gulp from cache
25 verbose get saving gulp to /Users/khabaroff/.npm/registry.npmjs.org/gulp/.cache.json
26 verbose correctMkdir /Users/khabaroff/.npm correctMkdir not in flight; initializing
27 silly install normalizeTree
28 silly loadCurrentTree Finishing
29 silly loadIdealTree Starting
30 silly install loadIdealTree
31 silly cloneCurrentTree Starting
32 silly install cloneCurrentTreeToIdealTree
33 silly cloneCurrentTree Finishing
34 silly loadShrinkwrap Starting
35 silly install loadShrinkwrap
36 silly loadShrinkwrap Finishing
37 silly loadAllDepsIntoIdealTree Starting
38 silly install loadAllDepsIntoIdealTree
39 silly resolveWithNewModule gulp@3.9.1 checking installable status
40 silly cache add args [ 'gulp', null ]
41 verbose cache add spec gulp
42 silly cache add parsed spec Result {
42 silly cache add   raw: 'gulp',
42 silly cache add   scope: null,
42 silly cache add   name: 'gulp',
42 silly cache add   rawSpec: '',
42 silly cache add   spec: 'latest',
42 silly cache add   type: 'tag' }
43 silly addNamed gulp@latest
44 verbose addNamed "latest" is being treated as a dist-tag for gulp
45 info addNameTag [ 'gulp', 'latest' ]
46 silly mapToRegistry name gulp
47 silly mapToRegistry using default registry
48 silly mapToRegistry registry https://registry.npmjs.org/
49 silly mapToRegistry data Result {
49 silly mapToRegistry   raw: 'gulp',
49 silly mapToRegistry   scope: null,
49 silly mapToRegistry   name: 'gulp',
49 silly mapToRegistry   rawSpec: '',
49 silly mapToRegistry   spec: 'latest',
49 silly mapToRegistry   type: 'tag' }
50 silly mapToRegistry uri https://registry.npmjs.org/gulp
51 verbose addNameTag registry:https://registry.npmjs.org/gulp not in flight; fetching
52 verbose get https://registry.npmjs.org/gulp not expired, no request
53 silly addNameTag next cb for gulp with tag latest
54 silly addNamed gulp@3.9.1
55 verbose addNamed "3.9.1" is a plain semver version for gulp
56 silly cache afterAdd gulp@3.9.1
57 verbose afterAdd /Users/khabaroff/.npm/gulp/3.9.1/package/package.json not in flight; writing
58 verbose correctMkdir /Users/khabaroff/.npm correctMkdir not in flight; initializing
59 verbose afterAdd /Users/khabaroff/.npm/gulp/3.9.1/package/package.json written
60 silly fetchNamedPackageData interpret
61 silly mapToRegistry name interpret
62 silly mapToRegistry using default registry
63 silly mapToRegistry registry https://registry.npmjs.org/
64 silly mapToRegistry data Result {
64 silly mapToRegistry   raw: 'interpret',
64 silly mapToRegistry   scope: null,
64 silly mapToRegistry   name: 'interpret',
64 silly mapToRegistry   rawSpec: '',
64 silly mapToRegistry   spec: 'latest',
64 silly mapToRegistry   type: 'tag' }
65 silly mapToRegistry uri https://registry.npmjs.org/interpret
66 silly fetchNamedPackageData semver
67 silly mapToRegistry name semver
68 silly mapToRegistry using default registry
69 silly mapToRegistry registry https://registry.npmjs.org/
70 silly mapToRegistry data Result {
70 silly mapToRegistry   raw: 'semver',
70 silly mapToRegistry   scope: null,
70 silly mapToRegistry   name: 'semver',
70 silly mapToRegistry   rawSpec: '',
70 silly mapToRegistry   spec: 'latest',
70 silly mapToRegistry   type: 'tag' }
71 silly mapToRegistry uri https://registry.npmjs.org/semver
72 verbose request uri https://registry.npmjs.org/interpret
73 verbose request no auth needed
74 info attempt registry request try #1 at 10:56:51 PM
75 verbose etag "E180NDEZXDVXXFU7RX8YYPK7A"
76 http request GET https://registry.npmjs.org/interpret
77 verbose request uri https://registry.npmjs.org/semver
78 verbose request no auth needed
79 info attempt registry request try #1 at 10:56:51 PM
80 verbose etag "DZCFTB7QPEZGOXMVWV6NZ924I"
81 http request GET https://registry.npmjs.org/semver
82 http 304 https://registry.npmjs.org/interpret
83 verbose headers { date: 'Sat, 21 May 2016 19:56:51 GMT',
83 verbose headers   via: '1.1 varnish',
83 verbose headers   'cache-control': 'max-age=300',
83 verbose headers   etag: '"E180NDEZXDVXXFU7RX8YYPK7A"',
83 verbose headers   age: '10',
83 verbose headers   connection: 'keep-alive',
83 verbose headers   'x-served-by': 'cache-fra1235-FRA',
83 verbose headers   'x-cache': 'HIT',
83 verbose headers   'x-cache-hits': '1',
83 verbose headers   'x-timer': 'S1463860611.136755,VS0,VE0',
83 verbose headers   vary: 'Accept-Encoding' }
84 silly get cb [ 304,
84 silly get   { date: 'Sat, 21 May 2016 19:56:51 GMT',
84 silly get     via: '1.1 varnish',
84 silly get     'cache-control': 'max-age=300',
84 silly get     etag: '"E180NDEZXDVXXFU7RX8YYPK7A"',
84 silly get     age: '10',
84 silly get     connection: 'keep-alive',
84 silly get     'x-served-by': 'cache-fra1235-FRA',
84 silly get     'x-cache': 'HIT',
84 silly get     'x-cache-hits': '1',
84 silly get     'x-timer': 'S1463860611.136755,VS0,VE0',
84 silly get     vary: 'Accept-Encoding' } ]
85 verbose etag https://registry.npmjs.org/interpret from cache
86 verbose get saving interpret to /Users/khabaroff/.npm/registry.npmjs.org/interpret/.cache.json
87 verbose correctMkdir /Users/khabaroff/.npm correctMkdir not in flight; initializing
88 silly resolveWithNewModule interpret@1.0.1 checking installable status
89 silly cache add args [ 'interpret@^1.0.0', null ]
90 verbose cache add spec interpret@^1.0.0
91 silly cache add parsed spec Result {
91 silly cache add   raw: 'interpret@^1.0.0',
91 silly cache add   scope: null,
91 silly cache add   name: 'interpret',
91 silly cache add   rawSpec: '^1.0.0',
91 silly cache add   spec: '>=1.0.0 <2.0.0',
91 silly cache add   type: 'range' }
92 silly addNamed interpret@>=1.0.0 <2.0.0
93 verbose addNamed ">=1.0.0 <2.0.0" is a valid semver range for interpret
94 silly addNameRange { name: 'interpret', range: '>=1.0.0 <2.0.0', hasData: false }
95 silly mapToRegistry name interpret
96 silly mapToRegistry using default registry
97 silly mapToRegistry registry https://registry.npmjs.org/
98 silly mapToRegistry data Result {
98 silly mapToRegistry   raw: 'interpret',
98 silly mapToRegistry   scope: null,
98 silly mapToRegistry   name: 'interpret',
98 silly mapToRegistry   rawSpec: '',
98 silly mapToRegistry   spec: 'latest',
98 silly mapToRegistry   type: 'tag' }
99 silly mapToRegistry uri https://registry.npmjs.org/interpret
100 verbose addNameRange registry:https://registry.npmjs.org/interpret not in flight; fetching
101 verbose get https://registry.npmjs.org/interpret not expired, no request
102 silly addNameRange number 2 { name: 'interpret', range: '>=1.0.0 <2.0.0', hasData: true }
103 silly addNameRange versions [ 'interpret',
103 silly addNameRange   [ '0.1.0',
103 silly addNameRange     '0.2.0',
103 silly addNameRange     '0.3.0',
103 silly addNameRange     '0.3.1',
103 silly addNameRange     '0.3.2',
103 silly addNameRange     '0.3.3',
103 silly addNameRange     '0.3.4',
103 silly addNameRange     '0.3.5',
103 silly addNameRange     '0.3.6',
103 silly addNameRange     '0.3.7',
103 silly addNameRange     '0.3.8',
103 silly addNameRange     '0.3.9',
103 silly addNameRange     '0.3.10',
103 silly addNameRange     '0.4.0',
103 silly addNameRange     '0.4.1',
103 silly addNameRange     '0.4.2',
103 silly addNameRange     '0.4.3',
103 silly addNameRange     '0.5.0',
103 silly addNameRange     '0.5.1',
103 silly addNameRange     '0.5.2',
103 silly addNameRange     '0.6.0',
103 silly addNameRange     '0.6.1',
103 silly addNameRange     '0.6.2',
103 silly addNameRange     '0.6.3',
103 silly addNameRange     '0.6.4',
103 silly addNameRange     '0.6.5',
103 silly addNameRange     '0.6.6',
103 silly addNameRange     '1.0.0',
103 silly addNameRange     '1.0.1' ] ]
104 silly addNamed interpret@1.0.1
105 verbose addNamed "1.0.1" is a plain semver version for interpret
106 silly cache afterAdd interpret@1.0.1
107 verbose afterAdd /Users/khabaroff/.npm/interpret/1.0.1/package/package.json not in flight; writing
108 verbose correctMkdir /Users/khabaroff/.npm correctMkdir not in flight; initializing
109 verbose afterAdd /Users/khabaroff/.npm/interpret/1.0.1/package/package.json written
110 http 304 https://registry.npmjs.org/semver
111 verbose headers { date: 'Sat, 21 May 2016 19:56:51 GMT',
111 verbose headers   via: '1.1 varnish',
111 verbose headers   'cache-control': 'max-age=300',
111 verbose headers   etag: '"DZCFTB7QPEZGOXMVWV6NZ924I"',
111 verbose headers   age: '244',
111 verbose headers   connection: 'keep-alive',
111 verbose headers   'x-served-by': 'cache-fra1251-FRA',
111 verbose headers   'x-cache': 'HIT',
111 verbose headers   'x-cache-hits': '6',
111 verbose headers   'x-timer': 'S1463860611.243783,VS0,VE0',
111 verbose headers   vary: 'Accept-Encoding' }
112 silly get cb [ 304,
112 silly get   { date: 'Sat, 21 May 2016 19:56:51 GMT',
112 silly get     via: '1.1 varnish',
112 silly get     'cache-control': 'max-age=300',
112 silly get     etag: '"DZCFTB7QPEZGOXMVWV6NZ924I"',
112 silly get     age: '244',
112 silly get     connection: 'keep-alive',
112 silly get     'x-served-by': 'cache-fra1251-FRA',
112 silly get     'x-cache': 'HIT',
112 silly get     'x-cache-hits': '6',
112 silly get     'x-timer': 'S1463860611.243783,VS0,VE0',
112 silly get     vary: 'Accept-Encoding' } ]
113 verbose etag https://registry.npmjs.org/semver from cache
114 verbose get saving semver to /Users/khabaroff/.npm/registry.npmjs.org/semver/.cache.json
115 verbose correctMkdir /Users/khabaroff/.npm correctMkdir not in flight; initializing
116 silly resolveWithNewModule semver@4.3.6 checking installable status
117 silly cache add args [ 'semver@^4.1.0', null ]
118 verbose cache add spec semver@^4.1.0
119 silly cache add parsed spec Result {
119 silly cache add   raw: 'semver@^4.1.0',
119 silly cache add   scope: null,
119 silly cache add   name: 'semver',
119 silly cache add   rawSpec: '^4.1.0',
119 silly cache add   spec: '>=4.1.0 <5.0.0',
119 silly cache add   type: 'range' }
120 silly addNamed semver@>=4.1.0 <5.0.0
121 verbose addNamed ">=4.1.0 <5.0.0" is a valid semver range for semver
122 silly addNameRange { name: 'semver', range: '>=4.1.0 <5.0.0', hasData: false }
123 silly mapToRegistry name semver
124 silly mapToRegistry using default registry
125 silly mapToRegistry registry https://registry.npmjs.org/
126 silly mapToRegistry data Result {
126 silly mapToRegistry   raw: 'semver',
126 silly mapToRegistry   scope: null,
126 silly mapToRegistry   name: 'semver',
126 silly mapToRegistry   rawSpec: '',
126 silly mapToRegistry   spec: 'latest',
126 silly mapToRegistry   type: 'tag' }
127 silly mapToRegistry uri https://registry.npmjs.org/semver
128 verbose addNameRange registry:https://registry.npmjs.org/semver not in flight; fetching
129 verbose get https://registry.npmjs.org/semver not expired, no request
130 silly addNameRange number 2 { name: 'semver', range: '>=4.1.0 <5.0.0', hasData: true }
131 silly addNameRange versions [ 'semver',
131 silly addNameRange   [ '1.0.0',
131 silly addNameRange     '1.0.1',
131 silly addNameRange     '1.0.2',
131 silly addNameRange     '1.0.3',
131 silly addNameRange     '1.0.4',
131 silly addNameRange     '1.0.5',
131 silly addNameRange     '1.0.6',
131 silly addNameRange     '1.0.7',
131 silly addNameRange     '1.0.8',
131 silly addNameRange     '1.0.9',
131 silly addNameRange     '1.0.10',
131 silly addNameRange     '1.0.11',
131 silly addNameRange     '1.0.12',
131 silly addNameRange     '1.0.13',
131 silly addNameRange     '1.0.14',
131 silly addNameRange     '1.1.0',
131 silly addNameRange     '1.1.1',
131 silly addNameRange     '1.1.2',
131 silly addNameRange     '1.1.3',
131 silly addNameRange     '1.1.4',
131 silly addNameRange     '2.0.0-alpha',
131 silly addNameRange     '2.0.0-beta',
131 silly addNameRange     '2.0.1',
131 silly addNameRange     '2.0.2',
131 silly addNameRange     '2.0.3',
131 silly addNameRange     '2.0.4',
131 silly addNameRange     '2.0.5',
131 silly addNameRange     '2.0.6',
131 silly addNameRange     '2.0.7',
131 silly addNameRange     '2.0.8',
131 silly addNameRange     '2.0.9',
131 silly addNameRange     '2.0.10',
131 silly addNameRange     '2.0.11',
131 silly addNameRange     '2.1.0',
131 silly addNameRange     '2.2.0',
131 silly addNameRange     '2.2.1',
131 silly addNameRange     '2.3.0',
131 silly addNameRange     '2.3.1',
131 silly addNameRange     '2.3.2',
131 silly addNameRange     '3.0.0',
131 silly addNameRange     '3.0.1',
131 silly addNameRange     '4.0.0',
131 silly addNameRange     '4.0.2',
131 silly addNameRange     '4.0.3',
131 silly addNameRange     '4.1.0',
131 silly addNameRange     '4.1.1',
131 silly addNameRange     '4.2.0',
131 silly addNameRange     '4.2.1',
131 silly addNameRange     '4.2.2',
131 silly addNameRange     '4.3.0',
131 silly addNameRange     '4.3.1',
131 silly addNameRange     '4.3.2',
131 silly addNameRange     '4.3.3',
131 silly addNameRange     '4.3.4',
131 silly addNameRange     '4.3.5',
131 silly addNameRange     '4.3.6',
131 silly addNameRange     '5.0.0',
131 silly addNameRange     '5.0.1',
131 silly addNameRange     '5.0.2',
131 silly addNameRange     '5.0.3',
131 silly addNameRange     '5.1.0' ] ]
132 silly addNamed semver@4.3.6
133 verbose addNamed "4.3.6" is a plain semver version for semver
134 silly cache afterAdd semver@4.3.6
135 verbose afterAdd /Users/khabaroff/.npm/semver/4.3.6/package/package.json not in flight; writing
136 verbose correctMkdir /Users/khabaroff/.npm correctMkdir not in flight; initializing
137 verbose afterAdd /Users/khabaroff/.npm/semver/4.3.6/package/package.json written
138 silly loadAllDepsIntoIdealTree Finishing
139 silly idealTree:prePrune khabaroff
139 silly idealTree:prePrune +-- abbrev@1.0.7
139 silly idealTree:prePrune +-- amdefine@1.0.0
139 silly idealTree:prePrune +-- ansi-regex@2.0.0
139 silly idealTree:prePrune +-- ansi-styles@2.1.0
139 silly idealTree:prePrune +-- archy@1.0.0
139 silly idealTree:prePrune +-- argparse@1.0.7
139 silly idealTree:prePrune +-- array-differ@1.0.0
139 silly idealTree:prePrune +-- array-uniq@1.0.2
139 silly idealTree:prePrune +-- async@0.2.10
139 silly idealTree:prePrune +-- balanced-match@0.2.1
139 silly idealTree:prePrune +-- beeper@1.1.0
139 silly idealTree:prePrune +-- brace-expansion@1.1.1
139 silly idealTree:prePrune +-- bufferstreams@1.1.0
139 silly idealTree:prePrune +-- buildjs.core@0.1.2
139 silly idealTree:prePrune +-- builtin-modules@1.1.0
139 silly idealTree:prePrune +-- camel-case@1.2.0
139 silly idealTree:prePrune +-- camelcase-keys@2.0.0
139 silly idealTree:prePrune +-- camelcase@2.0.1
139 silly idealTree:prePrune +-- chalk@1.1.1
139 silly idealTree:prePrune +-- change-case@2.3.0
139 silly idealTree:prePrune +-- clean-css@3.4.8
139 silly idealTree:prePrune +-- cli@0.10.0
139 silly idealTree:prePrune +-- clone-stats@0.0.1
139 silly idealTree:prePrune +-- clone@1.0.2
139 silly idealTree:prePrune +-- coffee-script@1.10.0
139 silly idealTree:prePrune +-- colors@1.1.2
139 silly idealTree:prePrune +-- commander@2.8.1
139 silly idealTree:prePrune +-- concat-map@0.0.1
139 silly idealTree:prePrune +-- concat-stream@1.5.1
139 silly idealTree:prePrune +-- constant-case@1.1.1
139 silly idealTree:prePrune +-- core-util-is@1.0.2
139 silly idealTree:prePrune +-- dateformat@1.0.12
139 silly idealTree:prePrune +-- debug@2.2.0
139 silly idealTree:prePrune +-- decamelize@1.1.1
139 silly idealTree:prePrune +-- defaults@1.0.3
139 silly idealTree:prePrune +-- deprecated@0.0.1
139 silly idealTree:prePrune +-- dot-case@1.1.1
139 silly idealTree:prePrune +-- duplexer@0.1.1
139 silly idealTree:prePrune +-- duplexer2@0.0.2
139 silly idealTree:prePrune | `-- readable-stream@1.1.13
139 silly idealTree:prePrune +-- end-of-stream@0.1.5
139 silly idealTree:prePrune +-- error-ex@1.3.0
139 silly idealTree:prePrune +-- escape-string-regexp@1.0.3
139 silly idealTree:prePrune +-- esprima@2.7.2
139 silly idealTree:prePrune +-- event-stream@3.1.7
139 silly idealTree:prePrune +-- eventemitter2@0.4.14
139 silly idealTree:prePrune +-- events@1.1.0
139 silly idealTree:prePrune +-- exit@0.1.2
139 silly idealTree:prePrune +-- extend@2.0.1
139 silly idealTree:prePrune +-- fancy-log@1.1.0
139 silly idealTree:prePrune +-- find-index@0.1.1
139 silly idealTree:prePrune +-- find-up@1.1.0
139 silly idealTree:prePrune +-- findup-sync@0.3.0
139 silly idealTree:prePrune +-- first-chunk-stream@1.0.0
139 silly idealTree:prePrune +-- flagged-respawn@0.3.1
139 silly idealTree:prePrune +-- from@0.1.3
139 silly idealTree:prePrune +-- fullscreen-iframe-content@2.0.2
139 silly idealTree:prePrune +-- gaze@0.5.2
139 silly idealTree:prePrune +-- get-stdin@4.0.1
139 silly idealTree:prePrune +-- getit@0.4.2
139 silly idealTree:prePrune +-- getobject@0.1.0
139 silly idealTree:prePrune +-- glob-stream@3.1.18
139 silly idealTree:prePrune | +-- glob@4.5.3
139 silly idealTree:prePrune | +-- minimatch@2.0.10
139 silly idealTree:prePrune | +-- readable-stream@1.0.33
139 silly idealTree:prePrune | `-- through2@0.6.5
139 silly idealTree:prePrune +-- glob-watcher@0.0.6
139 silly idealTree:prePrune +-- glob@5.0.15
139 silly idealTree:prePrune +-- glob2base@0.0.12
139 silly idealTree:prePrune +-- globule@0.1.0
139 silly idealTree:prePrune | +-- glob@3.1.21
139 silly idealTree:prePrune | +-- graceful-fs@1.2.3
139 silly idealTree:prePrune | +-- inherits@1.0.2
139 silly idealTree:prePrune | `-- minimatch@0.2.14
139 silly idealTree:prePrune +-- glogg@1.0.0
139 silly idealTree:prePrune +-- graceful-fs@4.1.2
139 silly idealTree:prePrune +-- graceful-readlink@1.0.1
139 silly idealTree:prePrune +-- grunt-known-options@1.1.0
139 silly idealTree:prePrune +-- grunt-legacy-log-utils@1.0.0
139 silly idealTree:prePrune | `-- lodash@4.3.0
139 silly idealTree:prePrune +-- grunt-legacy-log@1.0.0
139 silly idealTree:prePrune | `-- lodash@3.10.1
139 silly idealTree:prePrune +-- grunt-legacy-util@1.0.0
139 silly idealTree:prePrune | +-- async@1.5.2
139 silly idealTree:prePrune | `-- lodash@4.3.0
139 silly idealTree:prePrune +-- gulp-htmlmin@1.2.0
139 silly idealTree:prePrune +-- gulp-rigger@0.5.8
139 silly idealTree:prePrune +-- gulp-util@3.0.7
139 silly idealTree:prePrune | `-- object-assign@3.0.0
139 silly idealTree:prePrune +-- gulp@3.9.1
139 silly idealTree:prePrune | +-- interpret@1.0.1
139 silly idealTree:prePrune | `-- semver@4.3.6
139 silly idealTree:prePrune +-- gulplog@1.0.0
139 silly idealTree:prePrune +-- has-ansi@2.0.0
139 silly idealTree:prePrune +-- has-flag@1.0.0
139 silly idealTree:prePrune +-- has-gulplog@0.1.0
139 silly idealTree:prePrune +-- hooker@0.2.3
139 silly idealTree:prePrune +-- hosted-git-info@2.1.4
139 silly idealTree:prePrune +-- html-minifier@0.8.0
139 silly idealTree:prePrune +-- hyperquest@0.3.0
139 silly idealTree:prePrune | `-- through@2.2.7
139 silly idealTree:prePrune +-- iconv-lite@0.4.13
139 silly idealTree:prePrune +-- indent-string@2.1.0
139 silly idealTree:prePrune +-- inflight@1.0.4
139 silly idealTree:prePrune +-- inherits@2.0.1
139 silly idealTree:prePrune +-- interpret@0.6.6
139 silly idealTree:prePrune +-- is-absolute@0.1.7
139 silly idealTree:prePrune +-- is-arrayish@0.2.1
139 silly idealTree:prePrune +-- is-builtin-module@1.0.0
139 silly idealTree:prePrune +-- is-finite@1.0.1
139 silly idealTree:prePrune +-- is-lower-case@1.1.1
139 silly idealTree:prePrune +-- is-relative@0.1.3
139 silly idealTree:prePrune +-- is-upper-case@1.1.1
139 silly idealTree:prePrune +-- is-utf8@0.2.0
139 silly idealTree:prePrune +-- isarray@0.0.1
139 silly idealTree:prePrune +-- isexe@1.1.2
139 silly idealTree:prePrune +-- js-base64@2.1.9
139 silly idealTree:prePrune +-- js-yaml@3.5.5
139 silly idealTree:prePrune +-- liftoff@2.2.0
139 silly idealTree:prePrune +-- load-json-file@1.1.0
139 silly idealTree:prePrune +-- lodash._basecopy@3.0.1
139 silly idealTree:prePrune +-- lodash._basetostring@3.0.1
139 silly idealTree:prePrune +-- lodash._basevalues@3.0.0
139 silly idealTree:prePrune +-- lodash._getnative@3.9.1
139 silly idealTree:prePrune +-- lodash._isiterateecall@3.0.9
139 silly idealTree:prePrune +-- lodash._reescape@3.0.0
139 silly idealTree:prePrune +-- lodash._reevaluate@3.0.0
139 silly idealTree:prePrune +-- lodash._reinterpolate@3.0.0
139 silly idealTree:prePrune +-- lodash.escape@3.0.0
139 silly idealTree:prePrune +-- lodash.isarguments@3.0.4
139 silly idealTree:prePrune +-- lodash.isarray@3.0.4
139 silly idealTree:prePrune +-- lodash.keys@3.1.2
139 silly idealTree:prePrune +-- lodash.restparam@3.6.1
139 silly idealTree:prePrune +-- lodash.template@3.6.2
139 silly idealTree:prePrune +-- lodash.templatesettings@3.1.0
139 silly idealTree:prePrune +-- lodash@1.0.2
139 silly idealTree:prePrune +-- loud-rejection@1.2.0
139 silly idealTree:prePrune +-- lower-case-first@1.0.0
139 silly idealTree:prePrune +-- lower-case@1.1.2
139 silly idealTree:prePrune +-- lru-cache@2.7.1
139 silly idealTree:prePrune +-- map-obj@1.0.1
139 silly idealTree:prePrune +-- map-stream@0.1.0
139 silly idealTree:prePrune +-- meow@3.6.0
139 silly idealTree:prePrune +-- minimatch@3.0.0
139 silly idealTree:prePrune +-- minimist@1.2.0
139 silly idealTree:prePrune +-- mkdirp@0.5.1
139 silly idealTree:prePrune | `-- minimist@0.0.8
139 silly idealTree:prePrune +-- ms@0.7.1
139 silly idealTree:prePrune +-- multipipe@0.1.2
139 silly idealTree:prePrune +-- nan@2.1.0
139 silly idealTree:prePrune +-- nopt@3.0.6
139 silly idealTree:prePrune +-- normalize-package-data@2.3.5
139 silly idealTree:prePrune +-- normalize.css@3.0.3
139 silly idealTree:prePrune +-- number-is-nan@1.0.0
139 silly idealTree:prePrune +-- object-assign@4.0.1
139 silly idealTree:prePrune +-- once@1.3.3
139 silly idealTree:prePrune +-- orchestrator@0.3.7
139 silly idealTree:prePrune +-- ordered-read-streams@0.1.0
139 silly idealTree:prePrune +-- os-homedir@1.0.1
139 silly idealTree:prePrune +-- param-case@1.1.1
139 silly idealTree:prePrune +-- parse-json@2.2.0
139 silly idealTree:prePrune +-- pascal-case@1.1.1
139 silly idealTree:prePrune +-- path-case@1.1.1
139 silly idealTree:prePrune +-- path-exists@2.1.0
139 silly idealTree:prePrune +-- path-is-absolute@1.0.0
139 silly idealTree:prePrune +-- path-type@1.1.0
139 silly idealTree:prePrune +-- pause-stream@0.0.11
139 silly idealTree:prePrune +-- pify@2.3.0
139 silly idealTree:prePrune +-- pinkie-promise@2.0.0
139 silly idealTree:prePrune +-- pinkie@2.0.1
139 silly idealTree:prePrune +-- postcss@5.0.19
139 silly idealTree:prePrune | +-- source-map@0.5.3
139 silly idealTree:prePrune | `-- supports-color@3.1.2
139 silly idealTree:prePrune +-- pretty-hrtime@1.0.1
139 silly idealTree:prePrune +-- process-nextick-args@1.0.3
139 silly idealTree:prePrune +-- read-pkg-up@1.0.1
139 silly idealTree:prePrune +-- read-pkg@1.1.0
139 silly idealTree:prePrune +-- readable-stream@2.0.4
139 silly idealTree:prePrune +-- rechoir@0.6.2
139 silly idealTree:prePrune +-- redent@1.0.0
139 silly idealTree:prePrune +-- relateurl@0.2.6
139 silly idealTree:prePrune +-- repeating@2.0.0
139 silly idealTree:prePrune +-- replace-ext@0.0.1
139 silly idealTree:prePrune +-- resolve@1.1.6
139 silly idealTree:prePrune +-- rigger@0.5.10
139 silly idealTree:prePrune +-- rimraf@2.2.8
139 silly idealTree:prePrune +-- scroll-speed@1.0.0
139 silly idealTree:prePrune +-- semver@5.1.0
139 silly idealTree:prePrune +-- sentence-case@1.1.2
139 silly idealTree:prePrune +-- sequencify@0.0.7
139 silly idealTree:prePrune +-- sigmund@1.0.1
139 silly idealTree:prePrune +-- signal-exit@2.1.2
139 silly idealTree:prePrune +-- snake-case@1.1.1
139 silly idealTree:prePrune +-- source-map@0.4.4
139 silly idealTree:prePrune +-- sparkles@1.0.0
139 silly idealTree:prePrune +-- spdx-correct@1.0.2
139 silly idealTree:prePrune +-- spdx-exceptions@1.0.4
139 silly idealTree:prePrune +-- spdx-expression-parse@1.0.1
139 silly idealTree:prePrune +-- spdx-license-ids@1.1.0
139 silly idealTree:prePrune +-- split@0.2.10
139 silly idealTree:prePrune +-- sprintf-js@1.0.3
139 silly idealTree:prePrune +-- stream-combiner@0.0.4
139 silly idealTree:prePrune +-- stream-consume@0.1.0
139 silly idealTree:prePrune +-- string_decoder@0.10.31
139 silly idealTree:prePrune +-- strip-ansi@3.0.0
139 silly idealTree:prePrune +-- strip-bom@2.0.0
139 silly idealTree:prePrune +-- strip-indent@1.0.1
139 silly idealTree:prePrune +-- supports-color@2.0.0
139 silly idealTree:prePrune +-- swap-case@1.1.1
139 silly idealTree:prePrune +-- through@2.3.8
139 silly idealTree:prePrune +-- through2@2.0.0
139 silly idealTree:prePrune +-- tildify@1.1.2
139 silly idealTree:prePrune +-- title-case@1.1.1
139 silly idealTree:prePrune +-- trim-newlines@1.0.0
139 silly idealTree:prePrune +-- tryit@1.0.2
139 silly idealTree:prePrune +-- typedarray@0.0.6
139 silly idealTree:prePrune +-- typi@2.1.0
139 silly idealTree:prePrune +-- uglify-js@2.4.24
139 silly idealTree:prePrune | `-- source-map@0.1.34
139 silly idealTree:prePrune +-- uglify-to-browserify@1.0.2
139 silly idealTree:prePrune +-- underscore.string@3.2.3
139 silly idealTree:prePrune +-- underscore@1.6.0
139 silly idealTree:prePrune +-- unique-stream@1.0.0
139 silly idealTree:prePrune +-- upper-case-first@1.1.1
139 silly idealTree:prePrune +-- upper-case@1.1.2
139 silly idealTree:prePrune +-- urlish@0.1.0
139 silly idealTree:prePrune +-- user-home@1.1.1
139 silly idealTree:prePrune +-- util-deprecate@1.0.2
139 silly idealTree:prePrune +-- v8flags@2.0.10
139 silly idealTree:prePrune +-- validate-npm-package-license@3.0.1
139 silly idealTree:prePrune +-- vinyl-fs@0.3.14
139 silly idealTree:prePrune | +-- clone@0.2.0
139 silly idealTree:prePrune | +-- graceful-fs@3.0.8
139 silly idealTree:prePrune | +-- readable-stream@1.0.33
139 silly idealTree:prePrune | +-- strip-bom@1.0.0
139 silly idealTree:prePrune | +-- through2@0.6.5
139 silly idealTree:prePrune | `-- vinyl@0.4.6
139 silly idealTree:prePrune +-- vinyl@0.5.3
139 silly idealTree:prePrune +-- wheel@0.0.0
139 silly idealTree:prePrune +-- which@1.2.4
139 silly idealTree:prePrune +-- window-size@0.1.0
139 silly idealTree:prePrune +-- wordwrap@0.0.2
139 silly idealTree:prePrune +-- wrappy@1.0.1
139 silly idealTree:prePrune +-- xtend@4.0.1
139 silly idealTree:prePrune `-- yargs@3.5.4
139 silly idealTree:prePrune   `-- camelcase@1.2.1
140 silly loadIdealTree Finishing
141 silly currentTree khabaroff
141 silly currentTree +-- abbrev@1.0.7
141 silly currentTree +-- amdefine@1.0.0
141 silly currentTree +-- ansi-regex@2.0.0
141 silly currentTree +-- ansi-styles@2.1.0
141 silly currentTree +-- archy@1.0.0
141 silly currentTree +-- argparse@1.0.7
141 silly currentTree +-- array-differ@1.0.0
141 silly currentTree +-- array-uniq@1.0.2
141 silly currentTree +-- async@0.2.10
141 silly currentTree +-- balanced-match@0.2.1
141 silly currentTree +-- beeper@1.1.0
141 silly currentTree +-- brace-expansion@1.1.1
141 silly currentTree +-- bufferstreams@1.1.0
141 silly currentTree +-- buildjs.core@0.1.2
141 silly currentTree +-- builtin-modules@1.1.0
141 silly currentTree +-- camel-case@1.2.0
141 silly currentTree +-- camelcase-keys@2.0.0
141 silly currentTree +-- camelcase@2.0.1
141 silly currentTree +-- chalk@1.1.1
141 silly currentTree +-- change-case@2.3.0
141 silly currentTree +-- clean-css@3.4.8
141 silly currentTree +-- cli@0.10.0
141 silly currentTree +-- clone-stats@0.0.1
141 silly currentTree +-- clone@1.0.2
141 silly currentTree +-- coffee-script@1.10.0
141 silly currentTree +-- colors@1.1.2
141 silly currentTree +-- commander@2.8.1
141 silly currentTree +-- concat-map@0.0.1
141 silly currentTree +-- concat-stream@1.5.1
141 silly currentTree +-- constant-case@1.1.1
141 silly currentTree +-- core-util-is@1.0.2
141 silly currentTree +-- dateformat@1.0.12
141 silly currentTree +-- debug@2.2.0
141 silly currentTree +-- decamelize@1.1.1
141 silly currentTree +-- defaults@1.0.3
141 silly currentTree +-- deprecated@0.0.1
141 silly currentTree +-- dot-case@1.1.1
141 silly currentTree +-- duplexer@0.1.1
141 silly currentTree +-- duplexer2@0.0.2
141 silly currentTree | `-- readable-stream@1.1.13
141 silly currentTree +-- end-of-stream@0.1.5
141 silly currentTree +-- error-ex@1.3.0
141 silly currentTree +-- escape-string-regexp@1.0.3
141 silly currentTree +-- esprima@2.7.2
141 silly currentTree +-- event-stream@3.1.7
141 silly currentTree +-- eventemitter2@0.4.14
141 silly currentTree +-- events@1.1.0
141 silly currentTree +-- exit@0.1.2
141 silly currentTree +-- extend@2.0.1
141 silly currentTree +-- fancy-log@1.1.0
141 silly currentTree +-- find-index@0.1.1
141 silly currentTree +-- find-up@1.1.0
141 silly currentTree +-- findup-sync@0.3.0
141 silly currentTree +-- first-chunk-stream@1.0.0
141 silly currentTree +-- flagged-respawn@0.3.1
141 silly currentTree +-- from@0.1.3
141 silly currentTree +-- fullscreen-iframe-content@2.0.2
141 silly currentTree +-- gaze@0.5.2
141 silly currentTree +-- get-stdin@4.0.1
141 silly currentTree +-- getit@0.4.2
141 silly currentTree +-- getobject@0.1.0
141 silly currentTree +-- glob-stream@3.1.18
141 silly currentTree | +-- glob@4.5.3
141 silly currentTree | +-- minimatch@2.0.10
141 silly currentTree | +-- readable-stream@1.0.33
141 silly currentTree | `-- through2@0.6.5
141 silly currentTree +-- glob-watcher@0.0.6
141 silly currentTree +-- glob@5.0.15
141 silly currentTree +-- glob2base@0.0.12
141 silly currentTree +-- globule@0.1.0
141 silly currentTree | +-- glob@3.1.21
141 silly currentTree | +-- graceful-fs@1.2.3
141 silly currentTree | +-- inherits@1.0.2
141 silly currentTree | `-- minimatch@0.2.14
141 silly currentTree +-- glogg@1.0.0
141 silly currentTree +-- graceful-fs@4.1.2
141 silly currentTree +-- graceful-readlink@1.0.1
141 silly currentTree +-- grunt-known-options@1.1.0
141 silly currentTree +-- grunt-legacy-log-utils@1.0.0
141 silly currentTree | `-- lodash@4.3.0
141 silly currentTree +-- grunt-legacy-log@1.0.0
141 silly currentTree | `-- lodash@3.10.1
141 silly currentTree +-- grunt-legacy-util@1.0.0
141 silly currentTree | +-- async@1.5.2
141 silly currentTree | `-- lodash@4.3.0
141 silly currentTree +-- gulp
141 silly currentTree | +-- interpret@1.0.1
141 silly currentTree | `-- semver@4.3.6
141 silly currentTree +-- gulp-htmlmin@1.2.0
141 silly currentTree +-- gulp-rigger@0.5.8
141 silly currentTree +-- gulp-util@3.0.7
141 silly currentTree | `-- object-assign@3.0.0
141 silly currentTree +-- gulplog@1.0.0
141 silly currentTree +-- has-ansi@2.0.0
141 silly currentTree +-- has-flag@1.0.0
141 silly currentTree +-- has-gulplog@0.1.0
141 silly currentTree +-- hooker@0.2.3
141 silly currentTree +-- hosted-git-info@2.1.4
141 silly currentTree +-- html-minifier@0.8.0
141 silly currentTree +-- hyperquest@0.3.0
141 silly currentTree | `-- through@2.2.7
141 silly currentTree +-- iconv-lite@0.4.13
141 silly currentTree +-- indent-string@2.1.0
141 silly currentTree +-- inflight@1.0.4
141 silly currentTree +-- inherits@2.0.1
141 silly currentTree +-- interpret@0.6.6
141 silly currentTree +-- is-absolute@0.1.7
141 silly currentTree +-- is-arrayish@0.2.1
141 silly currentTree +-- is-builtin-module@1.0.0
141 silly currentTree +-- is-finite@1.0.1
141 silly currentTree +-- is-lower-case@1.1.1
141 silly currentTree +-- is-relative@0.1.3
141 silly currentTree +-- is-upper-case@1.1.1
141 silly currentTree +-- is-utf8@0.2.0
141 silly currentTree +-- isarray@0.0.1
141 silly currentTree +-- isexe@1.1.2
141 silly currentTree +-- js-base64@2.1.9
141 silly currentTree +-- js-yaml@3.5.5
141 silly currentTree +-- liftoff@2.2.0
141 silly currentTree +-- load-json-file@1.1.0
141 silly currentTree +-- lodash._basecopy@3.0.1
141 silly currentTree +-- lodash._basetostring@3.0.1
141 silly currentTree +-- lodash._basevalues@3.0.0
141 silly currentTree +-- lodash._getnative@3.9.1
141 silly currentTree +-- lodash._isiterateecall@3.0.9
141 silly currentTree +-- lodash._reescape@3.0.0
141 silly currentTree +-- lodash._reevaluate@3.0.0
141 silly currentTree +-- lodash._reinterpolate@3.0.0
141 silly currentTree +-- lodash.escape@3.0.0
141 silly currentTree +-- lodash.isarguments@3.0.4
141 silly currentTree +-- lodash.isarray@3.0.4
141 silly currentTree +-- lodash.keys@3.1.2
141 silly currentTree +-- lodash.restparam@3.6.1
141 silly currentTree +-- lodash.template@3.6.2
141 silly currentTree +-- lodash.templatesettings@3.1.0
141 silly currentTree +-- lodash@1.0.2
141 silly currentTree +-- loud-rejection@1.2.0
141 silly currentTree +-- lower-case-first@1.0.0
141 silly currentTree +-- lower-case@1.1.2
141 silly currentTree +-- lru-cache@2.7.1
141 silly currentTree +-- map-obj@1.0.1
141 silly currentTree +-- map-stream@0.1.0
141 silly currentTree +-- meow@3.6.0
141 silly currentTree +-- minimatch@3.0.0
141 silly currentTree +-- minimist@1.2.0
141 silly currentTree +-- mkdirp@0.5.1
141 silly currentTree | `-- minimist@0.0.8
141 silly currentTree +-- ms@0.7.1
141 silly currentTree +-- multipipe@0.1.2
141 silly currentTree +-- nan@2.1.0
141 silly currentTree +-- nopt@3.0.6
141 silly currentTree +-- normalize-package-data@2.3.5
141 silly currentTree +-- normalize.css@3.0.3
141 silly currentTree +-- number-is-nan@1.0.0
141 silly currentTree +-- object-assign@4.0.1
141 silly currentTree +-- once@1.3.3
141 silly currentTree +-- orchestrator@0.3.7
141 silly currentTree +-- ordered-read-streams@0.1.0
141 silly currentTree +-- os-homedir@1.0.1
141 silly currentTree +-- param-case@1.1.1
141 silly currentTree +-- parse-json@2.2.0
141 silly currentTree +-- pascal-case@1.1.1
141 silly currentTree +-- path-case@1.1.1
141 silly currentTree +-- path-exists@2.1.0
141 silly currentTree +-- path-is-absolute@1.0.0
141 silly currentTree +-- path-type@1.1.0
141 silly currentTree +-- pause-stream@0.0.11
141 silly currentTree +-- pify@2.3.0
141 silly currentTree +-- pinkie-promise@2.0.0
141 silly currentTree +-- pinkie@2.0.1
141 silly currentTree +-- postcss@5.0.19
141 silly currentTree | +-- source-map@0.5.3
141 silly currentTree | `-- supports-color@3.1.2
141 silly currentTree +-- pretty-hrtime@1.0.1
141 silly currentTree +-- process-nextick-args@1.0.3
141 silly currentTree +-- read-pkg-up@1.0.1
141 silly currentTree +-- read-pkg@1.1.0
141 silly currentTree +-- readable-stream@2.0.4
141 silly currentTree +-- rechoir@0.6.2
141 silly currentTree +-- redent@1.0.0
141 silly currentTree +-- relateurl@0.2.6
141 silly currentTree +-- repeating@2.0.0
141 silly currentTree +-- replace-ext@0.0.1
141 silly currentTree +-- resolve@1.1.6
141 silly currentTree +-- rigger@0.5.10
141 silly currentTree +-- rimraf@2.2.8
141 silly currentTree +-- scroll-speed@1.0.0
141 silly currentTree +-- semver@5.1.0
141 silly currentTree +-- sentence-case@1.1.2
141 silly currentTree +-- sequencify@0.0.7
141 silly currentTree +-- sigmund@1.0.1
141 silly currentTree +-- signal-exit@2.1.2
141 silly currentTree +-- snake-case@1.1.1
141 silly currentTree +-- source-map@0.4.4
141 silly currentTree +-- sparkles@1.0.0
141 silly currentTree +-- spdx-correct@1.0.2
141 silly currentTree +-- spdx-exceptions@1.0.4
141 silly currentTree +-- spdx-expression-parse@1.0.1
141 silly currentTree +-- spdx-license-ids@1.1.0
141 silly currentTree +-- split@0.2.10
141 silly currentTree +-- sprintf-js@1.0.3
141 silly currentTree +-- stream-combiner@0.0.4
141 silly currentTree +-- stream-consume@0.1.0
141 silly currentTree +-- string_decoder@0.10.31
141 silly currentTree +-- strip-ansi@3.0.0
141 silly currentTree +-- strip-bom@2.0.0
141 silly currentTree +-- strip-indent@1.0.1
141 silly currentTree +-- supports-color@2.0.0
141 silly currentTree +-- swap-case@1.1.1
141 silly currentTree +-- through@2.3.8
141 silly currentTree +-- through2@2.0.0
141 silly currentTree +-- tildify@1.1.2
141 silly currentTree +-- title-case@1.1.1
141 silly currentTree +-- trim-newlines@1.0.0
141 silly currentTree +-- tryit@1.0.2
141 silly currentTree +-- typedarray@0.0.6
141 silly currentTree +-- typi@2.1.0
141 silly currentTree +-- uglify-js@2.4.24
141 silly currentTree | `-- source-map@0.1.34
141 silly currentTree +-- uglify-to-browserify@1.0.2
141 silly currentTree +-- underscore.string@3.2.3
141 silly currentTree +-- underscore@1.6.0
141 silly currentTree +-- unique-stream@1.0.0
141 silly currentTree +-- upper-case-first@1.1.1
141 silly currentTree +-- upper-case@1.1.2
141 silly currentTree +-- urlish@0.1.0
141 silly currentTree +-- user-home@1.1.1
141 silly currentTree +-- util-deprecate@1.0.2
141 silly currentTree +-- v8flags@2.0.10
141 silly currentTree +-- validate-npm-package-license@3.0.1
141 silly currentTree +-- vinyl-fs@0.3.14
141 silly currentTree | +-- clone@0.2.0
141 silly currentTree | +-- graceful-fs@3.0.8
141 silly currentTree | +-- readable-stream@1.0.33
141 silly currentTree | +-- strip-bom@1.0.0
141 silly currentTree | +-- through2@0.6.5
141 silly currentTree | `-- vinyl@0.4.6
141 silly currentTree +-- vinyl@0.5.3
141 silly currentTree +-- wheel@0.0.0
141 silly currentTree +-- which@1.2.4
141 silly currentTree +-- window-size@0.1.0
141 silly currentTree +-- wordwrap@0.0.2
141 silly currentTree +-- wrappy@1.0.1
141 silly currentTree +-- xtend@4.0.1
141 silly currentTree `-- yargs@3.5.4
141 silly currentTree   `-- camelcase@1.2.1
142 silly idealTree khabaroff
142 silly idealTree +-- abbrev@1.0.7
142 silly idealTree +-- amdefine@1.0.0
142 silly idealTree +-- ansi-regex@2.0.0
142 silly idealTree +-- ansi-styles@2.1.0
142 silly idealTree +-- archy@1.0.0
142 silly idealTree +-- argparse@1.0.7
142 silly idealTree +-- array-differ@1.0.0
142 silly idealTree +-- array-uniq@1.0.2
142 silly idealTree +-- async@0.2.10
142 silly idealTree +-- balanced-match@0.2.1
142 silly idealTree +-- beeper@1.1.0
142 silly idealTree +-- brace-expansion@1.1.1
142 silly idealTree +-- bufferstreams@1.1.0
142 silly idealTree +-- buildjs.core@0.1.2
142 silly idealTree +-- builtin-modules@1.1.0
142 silly idealTree +-- camel-case@1.2.0
142 silly idealTree +-- camelcase-keys@2.0.0
142 silly idealTree +-- camelcase@2.0.1
142 silly idealTree +-- chalk@1.1.1
142 silly idealTree +-- change-case@2.3.0
142 silly idealTree +-- clean-css@3.4.8
142 silly idealTree +-- cli@0.10.0
142 silly idealTree +-- clone-stats@0.0.1
142 silly idealTree +-- clone@1.0.2
142 silly idealTree +-- coffee-script@1.10.0
142 silly idealTree +-- colors@1.1.2
142 silly idealTree +-- commander@2.8.1
142 silly idealTree +-- concat-map@0.0.1
142 silly idealTree +-- concat-stream@1.5.1
142 silly idealTree +-- constant-case@1.1.1
142 silly idealTree +-- core-util-is@1.0.2
142 silly idealTree +-- dateformat@1.0.12
142 silly idealTree +-- debug@2.2.0
142 silly idealTree +-- decamelize@1.1.1
142 silly idealTree +-- defaults@1.0.3
142 silly idealTree +-- deprecated@0.0.1
142 silly idealTree +-- dot-case@1.1.1
142 silly idealTree +-- duplexer@0.1.1
142 silly idealTree +-- duplexer2@0.0.2
142 silly idealTree | `-- readable-stream@1.1.13
142 silly idealTree +-- end-of-stream@0.1.5
142 silly idealTree +-- error-ex@1.3.0
142 silly idealTree +-- escape-string-regexp@1.0.3
142 silly idealTree +-- esprima@2.7.2
142 silly idealTree +-- event-stream@3.1.7
142 silly idealTree +-- eventemitter2@0.4.14
142 silly idealTree +-- events@1.1.0
142 silly idealTree +-- exit@0.1.2
142 silly idealTree +-- extend@2.0.1
142 silly idealTree +-- fancy-log@1.1.0
142 silly idealTree +-- find-index@0.1.1
142 silly idealTree +-- find-up@1.1.0
142 silly idealTree +-- findup-sync@0.3.0
142 silly idealTree +-- first-chunk-stream@1.0.0
142 silly idealTree +-- flagged-respawn@0.3.1
142 silly idealTree +-- from@0.1.3
142 silly idealTree +-- fullscreen-iframe-content@2.0.2
142 silly idealTree +-- gaze@0.5.2
142 silly idealTree +-- get-stdin@4.0.1
142 silly idealTree +-- getit@0.4.2
142 silly idealTree +-- getobject@0.1.0
142 silly idealTree +-- glob-stream@3.1.18
142 silly idealTree | +-- glob@4.5.3
142 silly idealTree | +-- minimatch@2.0.10
142 silly idealTree | +-- readable-stream@1.0.33
142 silly idealTree | `-- through2@0.6.5
142 silly idealTree +-- glob-watcher@0.0.6
142 silly idealTree +-- glob@5.0.15
142 silly idealTree +-- glob2base@0.0.12
142 silly idealTree +-- globule@0.1.0
142 silly idealTree | +-- glob@3.1.21
142 silly idealTree | +-- graceful-fs@1.2.3
142 silly idealTree | +-- inherits@1.0.2
142 silly idealTree | `-- minimatch@0.2.14
142 silly idealTree +-- glogg@1.0.0
142 silly idealTree +-- graceful-fs@4.1.2
142 silly idealTree +-- graceful-readlink@1.0.1
142 silly idealTree +-- grunt-known-options@1.1.0
142 silly idealTree +-- grunt-legacy-log-utils@1.0.0
142 silly idealTree | `-- lodash@4.3.0
142 silly idealTree +-- grunt-legacy-log@1.0.0
142 silly idealTree | `-- lodash@3.10.1
142 silly idealTree +-- grunt-legacy-util@1.0.0
142 silly idealTree | +-- async@1.5.2
142 silly idealTree | `-- lodash@4.3.0
142 silly idealTree +-- gulp-htmlmin@1.2.0
142 silly idealTree +-- gulp-rigger@0.5.8
142 silly idealTree +-- gulp-util@3.0.7
142 silly idealTree | `-- object-assign@3.0.0
142 silly idealTree +-- gulp@3.9.1
142 silly idealTree | +-- interpret@1.0.1
142 silly idealTree | `-- semver@4.3.6
142 silly idealTree +-- gulplog@1.0.0
142 silly idealTree +-- has-ansi@2.0.0
142 silly idealTree +-- has-flag@1.0.0
142 silly idealTree +-- has-gulplog@0.1.0
142 silly idealTree +-- hooker@0.2.3
142 silly idealTree +-- hosted-git-info@2.1.4
142 silly idealTree +-- html-minifier@0.8.0
142 silly idealTree +-- hyperquest@0.3.0
142 silly idealTree | `-- through@2.2.7
142 silly idealTree +-- iconv-lite@0.4.13
142 silly idealTree +-- indent-string@2.1.0
142 silly idealTree +-- inflight@1.0.4
142 silly idealTree +-- inherits@2.0.1
142 silly idealTree +-- interpret@0.6.6
142 silly idealTree +-- is-absolute@0.1.7
142 silly idealTree +-- is-arrayish@0.2.1
142 silly idealTree +-- is-builtin-module@1.0.0
142 silly idealTree +-- is-finite@1.0.1
142 silly idealTree +-- is-lower-case@1.1.1
142 silly idealTree +-- is-relative@0.1.3
142 silly idealTree +-- is-upper-case@1.1.1
142 silly idealTree +-- is-utf8@0.2.0
142 silly idealTree +-- isarray@0.0.1
142 silly idealTree +-- isexe@1.1.2
142 silly idealTree +-- js-base64@2.1.9
142 silly idealTree +-- js-yaml@3.5.5
142 silly idealTree +-- liftoff@2.2.0
142 silly idealTree +-- load-json-file@1.1.0
142 silly idealTree +-- lodash._basecopy@3.0.1
142 silly idealTree +-- lodash._basetostring@3.0.1
142 silly idealTree +-- lodash._basevalues@3.0.0
142 silly idealTree +-- lodash._getnative@3.9.1
142 silly idealTree +-- lodash._isiterateecall@3.0.9
142 silly idealTree +-- lodash._reescape@3.0.0
142 silly idealTree +-- lodash._reevaluate@3.0.0
142 silly idealTree +-- lodash._reinterpolate@3.0.0
142 silly idealTree +-- lodash.escape@3.0.0
142 silly idealTree +-- lodash.isarguments@3.0.4
142 silly idealTree +-- lodash.isarray@3.0.4
142 silly idealTree +-- lodash.keys@3.1.2
142 silly idealTree +-- lodash.restparam@3.6.1
142 silly idealTree +-- lodash.template@3.6.2
142 silly idealTree +-- lodash.templatesettings@3.1.0
142 silly idealTree +-- lodash@1.0.2
142 silly idealTree +-- loud-rejection@1.2.0
142 silly idealTree +-- lower-case-first@1.0.0
142 silly idealTree +-- lower-case@1.1.2
142 silly idealTree +-- lru-cache@2.7.1
142 silly idealTree +-- map-obj@1.0.1
142 silly idealTree +-- map-stream@0.1.0
142 silly idealTree +-- meow@3.6.0
142 silly idealTree +-- minimatch@3.0.0
142 silly idealTree +-- minimist@1.2.0
142 silly idealTree +-- mkdirp@0.5.1
142 silly idealTree | `-- minimist@0.0.8
142 silly idealTree +-- ms@0.7.1
142 silly idealTree +-- multipipe@0.1.2
142 silly idealTree +-- nan@2.1.0
142 silly idealTree +-- nopt@3.0.6
142 silly idealTree +-- normalize-package-data@2.3.5
142 silly idealTree +-- normalize.css@3.0.3
142 silly idealTree +-- number-is-nan@1.0.0
142 silly idealTree +-- object-assign@4.0.1
142 silly idealTree +-- once@1.3.3
142 silly idealTree +-- orchestrator@0.3.7
142 silly idealTree +-- ordered-read-streams@0.1.0
142 silly idealTree +-- os-homedir@1.0.1
142 silly idealTree +-- param-case@1.1.1
142 silly idealTree +-- parse-json@2.2.0
142 silly idealTree +-- pascal-case@1.1.1
142 silly idealTree +-- path-case@1.1.1
142 silly idealTree +-- path-exists@2.1.0
142 silly idealTree +-- path-is-absolute@1.0.0
142 silly idealTree +-- path-type@1.1.0
142 silly idealTree +-- pause-stream@0.0.11
142 silly idealTree +-- pify@2.3.0
142 silly idealTree +-- pinkie-promise@2.0.0
142 silly idealTree +-- pinkie@2.0.1
142 silly idealTree +-- postcss@5.0.19
142 silly idealTree | +-- source-map@0.5.3
142 silly idealTree | `-- supports-color@3.1.2
142 silly idealTree +-- pretty-hrtime@1.0.1
142 silly idealTree +-- process-nextick-args@1.0.3
142 silly idealTree +-- read-pkg-up@1.0.1
142 silly idealTree +-- read-pkg@1.1.0
142 silly idealTree +-- readable-stream@2.0.4
142 silly idealTree +-- rechoir@0.6.2
142 silly idealTree +-- redent@1.0.0
142 silly idealTree +-- relateurl@0.2.6
142 silly idealTree +-- repeating@2.0.0
142 silly idealTree +-- replace-ext@0.0.1
142 silly idealTree +-- resolve@1.1.6
142 silly idealTree +-- rigger@0.5.10
142 silly idealTree +-- rimraf@2.2.8
142 silly idealTree +-- scroll-speed@1.0.0
142 silly idealTree +-- semver@5.1.0
142 silly idealTree +-- sentence-case@1.1.2
142 silly idealTree +-- sequencify@0.0.7
142 silly idealTree +-- sigmund@1.0.1
142 silly idealTree +-- signal-exit@2.1.2
142 silly idealTree +-- snake-case@1.1.1
142 silly idealTree +-- source-map@0.4.4
142 silly idealTree +-- sparkles@1.0.0
142 silly idealTree +-- spdx-correct@1.0.2
142 silly idealTree +-- spdx-exceptions@1.0.4
142 silly idealTree +-- spdx-expression-parse@1.0.1
142 silly idealTree +-- spdx-license-ids@1.1.0
142 silly idealTree +-- split@0.2.10
142 silly idealTree +-- sprintf-js@1.0.3
142 silly idealTree +-- stream-combiner@0.0.4
142 silly idealTree +-- stream-consume@0.1.0
142 silly idealTree +-- string_decoder@0.10.31
142 silly idealTree +-- strip-ansi@3.0.0
142 silly idealTree +-- strip-bom@2.0.0
142 silly idealTree +-- strip-indent@1.0.1
142 silly idealTree +-- supports-color@2.0.0
142 silly idealTree +-- swap-case@1.1.1
142 silly idealTree +-- through@2.3.8
142 silly idealTree +-- through2@2.0.0
142 silly idealTree +-- tildify@1.1.2
142 silly idealTree +-- title-case@1.1.1
142 silly idealTree +-- trim-newlines@1.0.0
142 silly idealTree +-- tryit@1.0.2
142 silly idealTree +-- typedarray@0.0.6
142 silly idealTree +-- typi@2.1.0
142 silly idealTree +-- uglify-js@2.4.24
142 silly idealTree | `-- source-map@0.1.34
142 silly idealTree +-- uglify-to-browserify@1.0.2
142 silly idealTree +-- underscore.string@3.2.3
142 silly idealTree +-- underscore@1.6.0
142 silly idealTree +-- unique-stream@1.0.0
142 silly idealTree +-- upper-case-first@1.1.1
142 silly idealTree +-- upper-case@1.1.2
142 silly idealTree +-- urlish@0.1.0
142 silly idealTree +-- user-home@1.1.1
142 silly idealTree +-- util-deprecate@1.0.2
142 silly idealTree +-- v8flags@2.0.10
142 silly idealTree +-- validate-npm-package-license@3.0.1
142 silly idealTree +-- vinyl-fs@0.3.14
142 silly idealTree | +-- clone@0.2.0
142 silly idealTree | +-- graceful-fs@3.0.8
142 silly idealTree | +-- readable-stream@1.0.33
142 silly idealTree | +-- strip-bom@1.0.0
142 silly idealTree | +-- through2@0.6.5
142 silly idealTree | `-- vinyl@0.4.6
142 silly idealTree +-- vinyl@0.5.3
142 silly idealTree +-- wheel@0.0.0
142 silly idealTree +-- which@1.2.4
142 silly idealTree +-- window-size@0.1.0
142 silly idealTree +-- wordwrap@0.0.2
142 silly idealTree +-- wrappy@1.0.1
142 silly idealTree +-- xtend@4.0.1
142 silly idealTree `-- yargs@3.5.4
142 silly idealTree   `-- camelcase@1.2.1
143 silly generateActionsToTake Starting
144 silly install generateActionsToTake
145 silly generateActionsToTake Finishing
146 silly diffTrees action count 7
147 silly diffTrees update fullscreen-iframe-content@2.0.2
148 silly diffTrees update gulp@3.9.1
149 silly diffTrees update gulp-htmlmin@1.2.0
150 silly diffTrees update gulp-rigger@0.5.8
151 silly diffTrees update normalize.css@3.0.3
152 silly diffTrees update postcss@5.0.19
153 silly diffTrees update scroll-speed@1.0.0
154 silly decomposeActions action count 56
155 silly decomposeActions fetch fullscreen-iframe-content@2.0.2
156 silly decomposeActions extract fullscreen-iframe-content@2.0.2
157 silly decomposeActions test fullscreen-iframe-content@2.0.2
158 silly decomposeActions preinstall fullscreen-iframe-content@2.0.2
159 silly decomposeActions build fullscreen-iframe-content@2.0.2
160 silly decomposeActions install fullscreen-iframe-content@2.0.2
161 silly decomposeActions postinstall fullscreen-iframe-content@2.0.2
162 silly decomposeActions finalize fullscreen-iframe-content@2.0.2
163 silly decomposeActions fetch gulp@3.9.1
164 silly decomposeActions extract gulp@3.9.1
165 silly decomposeActions test gulp@3.9.1
166 silly decomposeActions preinstall gulp@3.9.1
167 silly decomposeActions build gulp@3.9.1
168 silly decomposeActions install gulp@3.9.1
169 silly decomposeActions postinstall gulp@3.9.1
170 silly decomposeActions finalize gulp@3.9.1
171 silly decomposeActions fetch gulp-htmlmin@1.2.0
172 silly decomposeActions extract gulp-htmlmin@1.2.0
173 silly decomposeActions test gulp-htmlmin@1.2.0
174 silly decomposeActions preinstall gulp-htmlmin@1.2.0
175 silly decomposeActions build gulp-htmlmin@1.2.0
176 silly decomposeActions install gulp-htmlmin@1.2.0
177 silly decomposeActions postinstall gulp-htmlmin@1.2.0
178 silly decomposeActions finalize gulp-htmlmin@1.2.0
179 silly decomposeActions fetch gulp-rigger@0.5.8
180 silly decomposeActions extract gulp-rigger@0.5.8
181 silly decomposeActions test gulp-rigger@0.5.8
182 silly decomposeActions preinstall gulp-rigger@0.5.8
183 silly decomposeActions build gulp-rigger@0.5.8
184 silly decomposeActions install gulp-rigger@0.5.8
185 silly decomposeActions postinstall gulp-rigger@0.5.8
186 silly decomposeActions finalize gulp-rigger@0.5.8
187 silly decomposeActions fetch normalize.css@3.0.3
188 silly decomposeActions extract normalize.css@3.0.3
189 silly decomposeActions test normalize.css@3.0.3
190 silly decomposeActions preinstall normalize.css@3.0.3
191 silly decomposeActions build normalize.css@3.0.3
192 silly decomposeActions install normalize.css@3.0.3
193 silly decomposeActions postinstall normalize.css@3.0.3
194 silly decomposeActions finalize normalize.css@3.0.3
195 silly decomposeActions fetch postcss@5.0.19
196 silly decomposeActions extract postcss@5.0.19
197 silly decomposeActions test postcss@5.0.19
198 silly decomposeActions preinstall postcss@5.0.19
199 silly decomposeActions build postcss@5.0.19
200 silly decomposeActions install postcss@5.0.19
201 silly decomposeActions postinstall postcss@5.0.19
202 silly decomposeActions finalize postcss@5.0.19
203 silly decomposeActions fetch scroll-speed@1.0.0
204 silly decomposeActions extract scroll-speed@1.0.0
205 silly decomposeActions test scroll-speed@1.0.0
206 silly decomposeActions preinstall scroll-speed@1.0.0
207 silly decomposeActions build scroll-speed@1.0.0
208 silly decomposeActions install scroll-speed@1.0.0
209 silly decomposeActions postinstall scroll-speed@1.0.0
210 silly decomposeActions finalize scroll-speed@1.0.0
211 silly executeActions Starting
212 silly install executeActions
213 silly doSerial global-install 0
214 silly doParallel fetch 7
215 verbose correctMkdir /Users/khabaroff/.npm/_locks correctMkdir not in flight; initializing
216 verbose lock using /Users/khabaroff/.npm/_locks/staging-8cf8269bf88beb26.lock for /Users/khabaroff/node_modules/.staging
217 silly doParallel extract 7
218 silly extract fullscreen-iframe-content@2.0.2
219 silly extract gulp@3.9.1
220 silly extract gulp-htmlmin@1.2.0
221 silly extract gulp-rigger@0.5.8
222 silly extract normalize.css@3.0.3
223 silly extract postcss@5.0.19
224 silly extract scroll-speed@1.0.0
225 silly addNamed normalize.css@3.0.3
226 verbose addNamed "3.0.3" is a plain semver version for normalize.css
227 silly mapToRegistry name normalize.css
228 silly mapToRegistry using default registry
229 silly mapToRegistry registry https://registry.npmjs.org/
230 silly mapToRegistry data Result {
230 silly mapToRegistry   raw: 'normalize.css',
230 silly mapToRegistry   scope: null,
230 silly mapToRegistry   name: 'normalize.css',
230 silly mapToRegistry   rawSpec: '',
230 silly mapToRegistry   spec: 'latest',
230 silly mapToRegistry   type: 'tag' }
231 silly mapToRegistry uri https://registry.npmjs.org/normalize.css
232 verbose addNameVersion registry:https://registry.npmjs.org/normalize.css not in flight; fetching
233 verbose unbuild node_modules/.staging/fullscreen-iframe-content-531c0122
234 verbose unbuild node_modules/.staging/gulp-htmlmin-63f59184
235 verbose unbuild node_modules/.staging/gulp-rigger-5d0115e1
236 verbose unbuild node_modules/.staging/postcss-fc670002
237 verbose unbuild node_modules/.staging/scroll-speed-75e63e91
238 verbose unbuild node_modules/.staging/gulp-0a73edf2
239 silly gentlyRm /Users/khabaroff/node_modules/.staging/fullscreen-iframe-content-531c0122 is being purged from base /Users/khabaroff
240 verbose gentlyRm don't care about contents; nuking /Users/khabaroff/node_modules/.staging/fullscreen-iframe-content-531c0122
241 silly gentlyRm /Users/khabaroff/node_modules/.staging/gulp-htmlmin-63f59184 is being purged from base /Users/khabaroff
242 verbose gentlyRm don't care about contents; nuking /Users/khabaroff/node_modules/.staging/gulp-htmlmin-63f59184
243 silly gentlyRm /Users/khabaroff/node_modules/.staging/gulp-rigger-5d0115e1 is being purged from base /Users/khabaroff
244 verbose gentlyRm don't care about contents; nuking /Users/khabaroff/node_modules/.staging/gulp-rigger-5d0115e1
245 verbose request uri https://registry.npmjs.org/normalize.css
246 verbose request no auth needed
247 info attempt registry request try #1 at 10:56:51 PM
248 verbose etag "3KEM0YMXM5N6AGLWDIL9ICYH6"
249 http request GET https://registry.npmjs.org/normalize.css
250 silly gentlyRm /Users/khabaroff/node_modules/.staging/postcss-fc670002 is being purged from base /Users/khabaroff
251 verbose gentlyRm don't care about contents; nuking /Users/khabaroff/node_modules/.staging/postcss-fc670002
252 silly gentlyRm /Users/khabaroff/node_modules/.staging/scroll-speed-75e63e91 is being purged from base /Users/khabaroff
253 verbose gentlyRm don't care about contents; nuking /Users/khabaroff/node_modules/.staging/scroll-speed-75e63e91
254 verbose tar unpack /Users/khabaroff/.npm/fullscreen-iframe-content/2.0.2/package.tgz
255 verbose tar unpacking to /Users/khabaroff/node_modules/.staging/fullscreen-iframe-content-531c0122
256 silly gentlyRm /Users/khabaroff/node_modules/.staging/fullscreen-iframe-content-531c0122 is being purged
257 verbose gentlyRm don't care about contents; nuking /Users/khabaroff/node_modules/.staging/fullscreen-iframe-content-531c0122
258 verbose tar unpack /Users/khabaroff/.npm/gulp-htmlmin/1.2.0/package.tgz
259 verbose tar unpacking to /Users/khabaroff/node_modules/.staging/gulp-htmlmin-63f59184
260 silly gentlyRm /Users/khabaroff/node_modules/.staging/gulp-htmlmin-63f59184 is being purged
261 verbose gentlyRm don't care about contents; nuking /Users/khabaroff/node_modules/.staging/gulp-htmlmin-63f59184
262 silly gentlyRm /Users/khabaroff/node_modules/.staging/gulp-0a73edf2 is being purged from base /Users/khabaroff
263 verbose gentlyRm don't care about contents; nuking /Users/khabaroff/node_modules/.staging/gulp-0a73edf2
264 verbose tar unpack /Users/khabaroff/.npm/gulp-rigger/0.5.8/package.tgz
265 verbose tar unpacking to /Users/khabaroff/node_modules/.staging/gulp-rigger-5d0115e1
266 silly gentlyRm /Users/khabaroff/node_modules/.staging/gulp-rigger-5d0115e1 is being purged
267 verbose gentlyRm don't care about contents; nuking /Users/khabaroff/node_modules/.staging/gulp-rigger-5d0115e1
268 verbose tar unpack /Users/khabaroff/.npm/postcss/5.0.19/package.tgz
269 verbose tar unpacking to /Users/khabaroff/node_modules/.staging/postcss-fc670002
270 silly gentlyRm /Users/khabaroff/node_modules/.staging/postcss-fc670002 is being purged
271 verbose gentlyRm don't care about contents; nuking /Users/khabaroff/node_modules/.staging/postcss-fc670002
272 verbose tar unpack /Users/khabaroff/.npm/scroll-speed/1.0.0/package.tgz
273 verbose tar unpacking to /Users/khabaroff/node_modules/.staging/scroll-speed-75e63e91
274 silly gentlyRm /Users/khabaroff/node_modules/.staging/scroll-speed-75e63e91 is being purged
275 verbose gentlyRm don't care about contents; nuking /Users/khabaroff/node_modules/.staging/scroll-speed-75e63e91
276 silly gunzTarPerm modes [ '755', '644' ]
277 silly gunzTarPerm modes [ '755', '644' ]
278 verbose tar unpack /Users/khabaroff/.npm/gulp/3.9.1/package.tgz
279 verbose tar unpacking to /Users/khabaroff/node_modules/.staging/gulp-0a73edf2
280 silly gentlyRm /Users/khabaroff/node_modules/.staging/gulp-0a73edf2 is being purged
281 verbose gentlyRm don't care about contents; nuking /Users/khabaroff/node_modules/.staging/gulp-0a73edf2
282 silly gunzTarPerm modes [ '755', '644' ]
283 silly gunzTarPerm modes [ '755', '644' ]
284 silly gunzTarPerm modes [ '755', '644' ]
285 silly gunzTarPerm modes [ '755', '644' ]
286 silly gunzTarPerm extractEntry package.json
287 silly gunzTarPerm extractEntry package.json
288 silly gunzTarPerm extractEntry package.json
289 silly gunzTarPerm extractEntry package.json
290 silly gunzTarPerm extractEntry package.json
291 silly gunzTarPerm extractEntry package.json
292 silly gunzTarPerm extractEntry README.md
293 silly gunzTarPerm extractEntry index.js
294 silly gunzTarPerm extractEntry README.md
295 silly gunzTarPerm extractEntry LICENSE
296 silly gunzTarPerm extractEntry README.md
297 silly gunzTarPerm extractEntry index.js
298 silly gunzTarPerm extractEntry README.md
299 silly gunzTarPerm extractEntry LICENSE
300 silly gunzTarPerm extractEntry README.md
301 silly gunzTarPerm extractEntry index.js
302 silly gunzTarPerm extractEntry README.md
303 silly gunzTarPerm extractEntry LICENSE
304 silly gunzTarPerm extractEntry index.js
305 silly gunzTarPerm extractEntry CHANGELOG.md
306 silly gunzTarPerm extractEntry test.js
307 silly gunzTarPerm extractEntry LICENSE.md
308 silly gunzTarPerm extractEntry d.ts/postcss.d.ts
309 silly gunzTarPerm extractEntry index.js
310 silly gunzTarPerm extractEntry CHANGELOG.md
311 silly gunzTarPerm extractEntry d.ts/at-rule.d.ts
312 silly gunzTarPerm extractEntry d.ts/container.d.ts
313 silly gunzTarPerm extractEntry bin/gulp.js
314 silly gunzTarPerm extractEntry d.ts/css-syntax-error.d.ts
315 silly gunzTarPerm extractEntry d.ts/declaration.d.ts
316 silly gunzTarPerm extractEntry completion/README.md
317 silly gunzTarPerm extractEntry completion/bash
318 silly gunzTarPerm extractEntry d.ts/input.d.ts
319 silly gunzTarPerm extractEntry d.ts/lazy-result.d.ts
320 silly gunzTarPerm extractEntry d.ts/list.d.ts
321 silly gunzTarPerm extractEntry completion/fish
322 silly gunzTarPerm extractEntry completion/powershell
323 silly gunzTarPerm extractEntry d.ts/map-generator.d.ts
324 silly gentlyRm /Users/khabaroff/node_modules/.staging/fullscreen-iframe-content-531c0122/node_modules is being purged
325 verbose gentlyRm don't care about contents; nuking /Users/khabaroff/node_modules/.staging/fullscreen-iframe-content-531c0122/node_modules
326 silly gunzTarPerm extractEntry d.ts/node.d.ts
327 silly gentlyRm /Users/khabaroff/node_modules/.staging/gulp-rigger-5d0115e1/node_modules is being purged
328 verbose gentlyRm don't care about contents; nuking /Users/khabaroff/node_modules/.staging/gulp-rigger-5d0115e1/node_modules
329 silly gunzTarPerm extractEntry completion/zsh
330 silly gunzTarPerm extractEntry gulp.1
331 silly gentlyRm /Users/khabaroff/node_modules/.staging/gulp-htmlmin-63f59184/node_modules is being purged
332 verbose gentlyRm don't care about contents; nuking /Users/khabaroff/node_modules/.staging/gulp-htmlmin-63f59184/node_modules
333 silly gunzTarPerm extractEntry d.ts/parse.d.ts
334 silly gunzTarPerm extractEntry d.ts/parser.d.ts
335 silly gunzTarPerm extractEntry lib/completion.js
336 silly gunzTarPerm extractEntry lib/taskTree.js
337 silly gentlyRm /Users/khabaroff/node_modules/.staging/scroll-speed-75e63e91/node_modules is being purged
338 verbose gentlyRm don't care about contents; nuking /Users/khabaroff/node_modules/.staging/scroll-speed-75e63e91/node_modules
339 silly gunzTarPerm extractEntry d.ts/comment.d.ts
340 silly gunzTarPerm extractEntry d.ts/previous-map.d.ts
341 silly gunzTarPerm extractEntry d.ts/processor.d.ts
342 silly gunzTarPerm extractEntry d.ts/result.d.ts
343 silly gunzTarPerm extractEntry d.ts/root.d.ts
344 silly gunzTarPerm extractEntry d.ts/rule.d.ts
345 silly gunzTarPerm extractEntry d.ts/stringifier.d.ts
346 silly gunzTarPerm extractEntry d.ts/stringify.d.ts
347 silly gunzTarPerm extractEntry d.ts/tokenize.d.ts
348 silly gunzTarPerm extractEntry d.ts/vendor.d.ts
349 silly gunzTarPerm extractEntry d.ts/warn-once.d.ts
350 silly gunzTarPerm extractEntry d.ts/warning.d.ts
351 silly gunzTarPerm extractEntry docs/api.md
352 silly gunzTarPerm extractEntry docs/guidelines/plugin.md
353 silly gunzTarPerm extractEntry docs/guidelines/runner.md
354 silly gunzTarPerm extractEntry docs/plugins.md
355 silly gunzTarPerm extractEntry docs/source-maps.md
356 silly gunzTarPerm extractEntry docs/syntax.md
357 silly gunzTarPerm extractEntry docs/writing-a-plugin.md
358 silly gunzTarPerm extractEntry lib/at-rule.js
359 silly gentlyRm /Users/khabaroff/node_modules/.staging/gulp-0a73edf2/node_modules is being purged
360 verbose gentlyRm don't care about contents; nuking /Users/khabaroff/node_modules/.staging/gulp-0a73edf2/node_modules
361 silly gunzTarPerm extractEntry lib/map-generator.js
362 silly gunzTarPerm extractEntry lib/node.js
363 silly gunzTarPerm extractEntry lib/parse.js
364 silly gunzTarPerm extractEntry lib/parser.js
365 silly gunzTarPerm extractEntry lib/list.js
366 silly gunzTarPerm extractEntry lib/previous-map.js
367 silly gunzTarPerm extractEntry lib/processor.js
368 silly gunzTarPerm extractEntry lib/result.js
369 silly gunzTarPerm extractEntry lib/root.js
370 silly gunzTarPerm extractEntry lib/rule.js
371 silly gunzTarPerm extractEntry lib/lazy-result.js
372 silly gunzTarPerm extractEntry lib/stringifier.js
373 silly gunzTarPerm extractEntry lib/input.js
374 silly gunzTarPerm extractEntry lib/stringify.js
375 silly gunzTarPerm extractEntry lib/declaration.js
376 silly gunzTarPerm extractEntry lib/tokenize.js
377 silly gunzTarPerm extractEntry lib/css-syntax-error.js
378 silly gunzTarPerm extractEntry lib/vendor.js
379 silly gunzTarPerm extractEntry lib/container.js
380 silly gunzTarPerm extractEntry lib/warn-once.js
381 silly gunzTarPerm extractEntry lib/comment.js
382 silly gunzTarPerm extractEntry lib/warning.js
383 silly gunzTarPerm extractEntry lib/postcss.js
384 silly gentlyRm /Users/khabaroff/node_modules/.staging/postcss-fc670002/node_modules is being purged
385 verbose gentlyRm don't care about contents; nuking /Users/khabaroff/node_modules/.staging/postcss-fc670002/node_modules
386 http 304 https://registry.npmjs.org/normalize.css
387 verbose headers { date: 'Sat, 21 May 2016 19:56:51 GMT',
387 verbose headers   via: '1.1 varnish',
387 verbose headers   'cache-control': 'max-age=300',
387 verbose headers   etag: '"3KEM0YMXM5N6AGLWDIL9ICYH6"',
387 verbose headers   age: '0',
387 verbose headers   connection: 'keep-alive',
387 verbose headers   'x-served-by': 'cache-fra1235-FRA',
387 verbose headers   'x-cache': 'HIT',
387 verbose headers   'x-cache-hits': '1',
387 verbose headers   'x-timer': 'S1463860611.629231,VS0,VE187',
387 verbose headers   vary: 'Accept-Encoding' }
388 silly get cb [ 304,
388 silly get   { date: 'Sat, 21 May 2016 19:56:51 GMT',
388 silly get     via: '1.1 varnish',
388 silly get     'cache-control': 'max-age=300',
388 silly get     etag: '"3KEM0YMXM5N6AGLWDIL9ICYH6"',
388 silly get     age: '0',
388 silly get     connection: 'keep-alive',
388 silly get     'x-served-by': 'cache-fra1235-FRA',
388 silly get     'x-cache': 'HIT',
388 silly get     'x-cache-hits': '1',
388 silly get     'x-timer': 'S1463860611.629231,VS0,VE187',
388 silly get     vary: 'Accept-Encoding' } ]
389 verbose etag https://registry.npmjs.org/normalize.css from cache
390 verbose get saving normalize.css to /Users/khabaroff/.npm/registry.npmjs.org/normalize.css/.cache.json
391 verbose correctMkdir /Users/khabaroff/.npm correctMkdir not in flight; initializing
392 silly mapToRegistry name normalize.css
393 silly mapToRegistry using default registry
394 silly mapToRegistry registry https://registry.npmjs.org/
395 silly mapToRegistry data Result {
395 silly mapToRegistry   raw: 'normalize.css',
395 silly mapToRegistry   scope: null,
395 silly mapToRegistry   name: 'normalize.css',
395 silly mapToRegistry   rawSpec: '',
395 silly mapToRegistry   spec: 'latest',
395 silly mapToRegistry   type: 'tag' }
396 silly mapToRegistry uri https://registry.npmjs.org/normalize.css
397 verbose addRemoteTarball https://registry.npmjs.org/normalize.css/-/normalize.css-3.0.3.tgz not in flight; adding
398 verbose addRemoteTarball [ 'https://registry.npmjs.org/normalize.css/-/normalize.css-3.0.3.tgz',
398 verbose addRemoteTarball   'acc00262e235a2caa91363a2e5e3bfa4f8ad05c6' ]
399 info retry fetch attempt 1 at 10:56:51 PM
400 info attempt registry request try #1 at 10:56:51 PM
401 http fetch GET https://registry.npmjs.org/normalize.css/-/normalize.css-3.0.3.tgz
402 http fetch 200 https://registry.npmjs.org/normalize.css/-/normalize.css-3.0.3.tgz
403 silly fetchAndShaCheck shasum acc00262e235a2caa91363a2e5e3bfa4f8ad05c6
404 verbose addTmpTarball /tmp/npm-32293-90cb3856/registry.npmjs.org/normalize.css/-/normalize.css-3.0.3.tgz not in flight; adding
405 verbose addTmpTarball already have metadata; skipping unpack for normalize.css@3.0.3
406 verbose correctMkdir /Users/khabaroff/.npm correctMkdir not in flight; initializing
407 verbose unbuild node_modules/.staging/normalize.css-ffe87d6b
408 silly gentlyRm /Users/khabaroff/node_modules/.staging/normalize.css-ffe87d6b is being purged from base /Users/khabaroff
409 verbose gentlyRm don't care about contents; nuking /Users/khabaroff/node_modules/.staging/normalize.css-ffe87d6b
410 verbose tar unpack /Users/khabaroff/.npm/normalize.css/3.0.3/package.tgz
411 verbose tar unpacking to /Users/khabaroff/node_modules/.staging/normalize.css-ffe87d6b
412 silly gentlyRm /Users/khabaroff/node_modules/.staging/normalize.css-ffe87d6b is being purged
413 verbose gentlyRm don't care about contents; nuking /Users/khabaroff/node_modules/.staging/normalize.css-ffe87d6b
414 silly gunzTarPerm modes [ '755', '644' ]
415 silly gunzTarPerm extractEntry package.json
416 silly gunzTarPerm extractEntry README.md
417 silly gunzTarPerm extractEntry CHANGELOG.md
418 silly gunzTarPerm extractEntry LICENSE.md
419 silly gunzTarPerm extractEntry normalize.css
420 silly gentlyRm /Users/khabaroff/node_modules/.staging/normalize.css-ffe87d6b/node_modules is being purged
421 verbose gentlyRm don't care about contents; nuking /Users/khabaroff/node_modules/.staging/normalize.css-ffe87d6b/node_modules
422 silly doParallel preinstall 7
423 silly preinstall fullscreen-iframe-content@2.0.2 /Users/khabaroff/node_modules/.staging/fullscreen-iframe-content-531c0122
424 info lifecycle fullscreen-iframe-content@2.0.2~preinstall: fullscreen-iframe-content@2.0.2
425 silly preinstall gulp@3.9.1 /Users/khabaroff/node_modules/.staging/gulp-0a73edf2
426 info lifecycle gulp@3.9.1~preinstall: gulp@3.9.1
427 silly preinstall gulp-htmlmin@1.2.0 /Users/khabaroff/node_modules/.staging/gulp-htmlmin-63f59184
428 info lifecycle gulp-htmlmin@1.2.0~preinstall: gulp-htmlmin@1.2.0
429 silly preinstall gulp-rigger@0.5.8 /Users/khabaroff/node_modules/.staging/gulp-rigger-5d0115e1
430 info lifecycle gulp-rigger@0.5.8~preinstall: gulp-rigger@0.5.8
431 silly preinstall normalize.css@3.0.3 /Users/khabaroff/node_modules/.staging/normalize.css-ffe87d6b
432 info lifecycle normalize.css@3.0.3~preinstall: normalize.css@3.0.3
433 silly preinstall postcss@5.0.19 /Users/khabaroff/node_modules/.staging/postcss-fc670002
434 info lifecycle postcss@5.0.19~preinstall: postcss@5.0.19
435 silly preinstall scroll-speed@1.0.0 /Users/khabaroff/node_modules/.staging/scroll-speed-75e63e91
436 info lifecycle scroll-speed@1.0.0~preinstall: scroll-speed@1.0.0
437 silly lifecycle fullscreen-iframe-content@2.0.2~preinstall: no script for preinstall, continuing
438 silly lifecycle gulp@3.9.1~preinstall: no script for preinstall, continuing
439 silly lifecycle gulp-htmlmin@1.2.0~preinstall: no script for preinstall, continuing
440 silly lifecycle gulp-rigger@0.5.8~preinstall: no script for preinstall, continuing
441 silly lifecycle normalize.css@3.0.3~preinstall: no script for preinstall, continuing
442 silly lifecycle postcss@5.0.19~preinstall: no script for preinstall, continuing
443 silly lifecycle scroll-speed@1.0.0~preinstall: no script for preinstall, continuing
444 silly doReverseSerial remove 0
445 silly doSerial move 0
446 silly doSerial finalize 7
447 silly finalize /Users/khabaroff/node_modules/fullscreen-iframe-content
448 silly finalize /Users/khabaroff/node_modules/gulp
449 verbose unlock done using /Users/khabaroff/.npm/_locks/staging-8cf8269bf88beb26.lock for /Users/khabaroff/node_modules/.staging
450 silly rollbackFailedOptional Starting
451 silly rollbackFailedOptional Finishing
452 silly runTopLevelLifecycles Starting
453 silly runTopLevelLifecycles Finishing
454 silly install printInstalled
455 warn enoent ENOENT: no such file or directory, open '/Users/khabaroff/package.json'
456 warn khabaroff No description
457 warn khabaroff No repository field.
458 warn khabaroff No README data
459 warn khabaroff No license field.
460 verbose stack Error: ENOTEMPTY: directory not empty, rename '/Users/khabaroff/node_modules/gulp' -> '/Users/khabaroff/node_modules/.gulp.DELETE'
460 verbose stack     at moveAway (/Users/khabaroff/.npm-packages/lib/node_modules/npm/lib/install/action/finalize.js:38:5)
460 verbose stack     at destStatted (/Users/khabaroff/.npm-packages/lib/node_modules/npm/lib/install/action/finalize.js:27:7)
460 verbose stack     at FSReqWrap.oncomplete (fs.js:117:15)
460 verbose stack
460 verbose stack Error: ENOTEMPTY: directory not empty, rename '/Users/khabaroff/node_modules/gulp' -> '/Users/khabaroff/node_modules/.gulp.DELETE'
460 verbose stack     at Error (native)
461 verbose cwd /Users/khabaroff/_JOBS/freaky-forest-sb-people
462 error Darwin 15.4.0
463 error argv "/usr/local/Cellar/node/6.2.0/bin/node" "/Users/khabaroff/.npm-packages/bin/npm" "install" "gulp"
464 error node v6.2.0
465 error npm  v3.8.5
466 error path /Users/khabaroff/node_modules/gulp
467 error code ENOTEMPTY
468 error errno -66
469 error syscall rename
470 error ENOTEMPTY: directory not empty, rename '/Users/khabaroff/node_modules/gulp' -> '/Users/khabaroff/node_modules/.gulp.DELETE'
471 error If you need help, you may report this error at:
471 error     <https://github.com/npm/npm/issues>
472 verbose exit [ -66, true ]
